
_________________________________________________________
S:tarih 2025-12-26 17:57:43.129976
S:Çekirdek Baþarýyla Yüklendi!
S:Depolama Tespit Ediliyor...
S:275.04 GB Depolama tespit edildi!
S:Klavye Test Ediliyor...
0123456789abcçdefgðhýijklmnoöprsþtuüvwxyzABCÇDEFGÐHIÝJKLMNOÖPRSÞTUÜVWXYZ<>£#$½{}[]!'^+%&/()=?*-_
_________________________________________________________
S:tarih 2025-12-26 18:04:16.675820
S:Çekirdek Baþarýyla Yüklendi!
S:Depolama Tespit Ediliyor...
S:275.04 GB Depolama tespit edildi!
S:Klavye Test Ediliyor...
0123456789abcçdefgðhýijklmnoöprsþtuüvwxyzABCÇDEFGÐHIÝJKLMNOÖPRSÞTUÜVWXYZ<>£#$½{}[]!'^+%&/()=?*-_
_________________________________________________________
S:tarih 2025-12-26 18:08:27.161770
S:Çekirdek Baþarýyla Yüklendi!
S:Depolama Tespit Ediliyor...
S:275.04 GB Depolama tespit edildi!
S:Klavye Test Ediliyor...
0123456789abcçdefgðhýijklmnoöprsþtuüvwxyzABCÇDEFGÐHIÝJKLMNOÖPRSÞTUÜVWXYZ<>£#$½{}[]!'^+%&/()=?*-_
_________________________________________________________
S:tarih 2025-12-26 18:12:28.973208
S:Çekirdek Baþarýyla Yüklendi!
S:Depolama Tespit Ediliyor...
S:275.04 GB Depolama tespit edildi!
S:Klavye Test Ediliyor...
0123456789abcçdefgðhýijklmnoöprsþtuüvwxyzABCÇDEFGÐHIÝJKLMNOÖPRSÞTUÜVWXYZ<>£#$½{}[]!'^+%&/()=?*-_
_________________________________________________________
S:tarih 2025-12-26 18:23:18.776511
S:Çekirdek Baþarýyla Yüklendi!
S:Depolama Tespit Ediliyor...
S:275.04 GB Depolama tespit edildi!
S:Klavye Test Ediliyor...
0123456789abcçdefgðhýijklmnoöprsþtuüvwxyzABCÇDEFGÐHIÝJKLMNOÖPRSÞTUÜVWXYZ<>£#$½{}[]!'^+%&/()=?*-_
_________________________________________________________
S:tarih 2025-12-26 18:27:53.864662
S:Çekirdek Baþarýyla Yüklendi!
S:Depolama Tespit Ediliyor...
S:275.04 GB Depolama tespit edildi!
S:Klavye Test Ediliyor...
0123456789abcçdefgðhýijklmnoöprsþtuüvwxyzABCÇDEFGÐHIÝJKLMNOÖPRSÞTUÜVWXYZ<>£#$½{}[]!'^+%&/()=?*-_
_________________________________________________________
S:tarih 2025-12-26 19:25:05.285158
S:Çekirdek Baþarýyla Yüklendi!
S:Depolama Tespit Ediliyor...
S:275.04 GB Depolama tespit edildi!
S:Klavye Test Ediliyor...
0123456789abcçdefgðhýijklmnoöprsþtuüvwxyzABCÇDEFGÐHIÝJKLMNOÖPRSÞTUÜVWXYZ<>£#$½{}[]!'^+%&/()=?*-_
_________________________________________________________
S:tarih 2025-12-26 19:26:12.685459
S:Çekirdek Baþarýyla Yüklendi!
S:Depolama Tespit Ediliyor...
S:275.04 GB Depolama tespit edildi!
S:Klavye Test Ediliyor...
0123456789abcçdefgðhýijklmnoöprsþtuüvwxyzABCÇDEFGÐHIÝJKLMNOÖPRSÞTUÜVWXYZ<>£#$½{}[]!'^+%&/()=?*-_
_________________________________________________________
S:tarih 2025-12-26 22:03:59.173753
S:Çekirdek Baþarýyla Yüklendi!
S:Depolama Tespit Ediliyor...
S:275.04 GB Depolama tespit edildi!
S:Klavye Test Ediliyor...
0123456789abcçdefgðhýijklmnoöprsþtuüvwxyzABCÇDEFGÐHIÝJKLMNOÖPRSÞTUÜVWXYZ<>£#$½{}[]!'^+%&/()=?*-_
_________________________________________________________
S:tarih 2025-12-26 22:08:50.358636
S:Çekirdek Baþarýyla Yüklendi!
S:Depolama Tespit Ediliyor...
S:275.04 GB Depolama tespit edildi!
S:Klavye Test Ediliyor...
0123456789abcçdefgðhýijklmnoöprsþtuüvwxyzABCÇDEFGÐHIÝJKLMNOÖPRSÞTUÜVWXYZ<>£#$½{}[]!'^+%&/()=?*-_
_________________________________________________________
S:tarih 2025-12-26 22:09:50.184664
S:Çekirdek Baþarýyla Yüklendi!
S:Depolama Tespit Ediliyor...
S:275.04 GB Depolama tespit edildi!
S:Klavye Test Ediliyor...
0123456789abcçdefgðhýijklmnoöprsþtuüvwxyzABCÇDEFGÐHIÝJKLMNOÖPRSÞTUÜVWXYZ<>£#$½{}[]!'^+%&/()=?*-_
_________________________________________________________
S:tarih 2025-12-27 11:16:44.852785
S:Çekirdek Baþarýyla Yüklendi!
S:Depolama Tespit Ediliyor...
S:275.04 GB Depolama tespit edildi!
S:Klavye Test Ediliyor...
0123456789abcçdefgðhýijklmnoöprsþtuüvwxyzABCÇDEFGÐHIÝJKLMNOÖPRSÞTUÜVWXYZ<>£#$½{}[]!'^+%&/()=?*-_
_________________________________________________________
S:tarih 2025-12-27 11:17:40.428685
S:Çekirdek Baþarýyla Yüklendi!
S:Depolama Tespit Ediliyor...
S:275.04 GB Depolama tespit edildi!
S:Klavye Test Ediliyor...
0123456789abcçdefgðhýijklmnoöprsþtuüvwxyzABCÇDEFGÐHIÝJKLMNOÖPRSÞTUÜVWXYZ<>£#$½{}[]!'^+%&/()=?*-_
_________________________________________________________
S:tarih 2025-12-27 11:20:43.459105
S:Çekirdek Baþarýyla Yüklendi!
S:Depolama Tespit Ediliyor...
S:275.04 GB Depolama tespit edildi!
S:Klavye Test Ediliyor...
0123456789abcçdefgðhýijklmnoöprsþtuüvwxyzABCÇDEFGÐHIÝJKLMNOÖPRSÞTUÜVWXYZ<>£#$½{}[]!'^+%&/()=?*-_
_________________________________________________________
S:tarih 2025-12-27 11:23:17.979737
S:Çekirdek Baþarýyla Yüklendi!
S:Depolama Tespit Ediliyor...
S:275.04 GB Depolama tespit edildi!
S:Klavye Test Ediliyor...
0123456789abcçdefgðhýijklmnoöprsþtuüvwxyzABCÇDEFGÐHIÝJKLMNOÖPRSÞTUÜVWXYZ<>£#$½{}[]!'^+%&/()=?*-_
_________________________________________________________
S:tarih 2025-12-27 11:48:24.664716
S:Çekirdek Baþarýyla Yüklendi!
S:Depolama Tespit Ediliyor...
S:275.04 GB Depolama tespit edildi!
S:Klavye Test Ediliyor...
0123456789abcçdefgðhýijklmnoöprsþtuüvwxyzABCÇDEFGÐHIÝJKLMNOÖPRSÞTUÜVWXYZ<>£#$½{}[]!'^+%&/()=?*-_
_________________________________________________________
S:tarih 2025-12-27 12:00:11.463688
S:Çekirdek Baþarýyla Yüklendi!
S:Depolama Tespit Ediliyor...
S:275.04 GB Depolama tespit edildi!
S:Klavye Test Ediliyor...
0123456789abcçdefgðhýijklmnoöprsþtuüvwxyzABCÇDEFGÐHIÝJKLMNOÖPRSÞTUÜVWXYZ<>£#$½{}[]!'^+%&/()=?*-_
_________________________________________________________
S:tarih 2025-12-27 12:03:14.585412
S:Çekirdek Baþarýyla Yüklendi!
S:Depolama Tespit Ediliyor...
S:275.04 GB Depolama tespit edildi!
S:Klavye Test Ediliyor...
0123456789abcçdefgðhýijklmnoöprsþtuüvwxyzABCÇDEFGÐHIÝJKLMNOÖPRSÞTUÜVWXYZ<>£#$½{}[]!'^+%&/()=?*-_
_________________________________________________________
S:tarih 2025-12-27 12:11:55.097671
S:Çekirdek Baþarýyla Yüklendi!
S:Depolama Tespit Ediliyor...
S:275.04 GB Depolama tespit edildi!
S:Klavye Test Ediliyor...
0123456789abcçdefgðhýijklmnoöprsþtuüvwxyzABCÇDEFGÐHIÝJKLMNOÖPRSÞTUÜVWXYZ<>£#$½{}[]!'^+%&/()=?*-_
_________________________________________________________
S:tarih 2025-12-27 12:16:28.541793
S:Çekirdek Baþarýyla Yüklendi!
S:Depolama Tespit Ediliyor...
S:275.04 GB Depolama tespit edildi!
S:Klavye Test Ediliyor...
0123456789abcçdefgðhýijklmnoöprsþtuüvwxyzABCÇDEFGÐHIÝJKLMNOÖPRSÞTUÜVWXYZ<>£#$½{}[]!'^+%&/()=?*-_
_________________________________________________________
S:tarih 2025-12-27 12:17:29.305975
S:Çekirdek Baþarýyla Yüklendi!
S:Depolama Tespit Ediliyor...
S:275.04 GB Depolama tespit edildi!
S:Klavye Test Ediliyor...
0123456789abcçdefgðhýijklmnoöprsþtuüvwxyzABCÇDEFGÐHIÝJKLMNOÖPRSÞTUÜVWXYZ<>£#$½{}[]!'^+%&/()=?*-_
_________________________________________________________
S:tarih 2025-12-27 12:19:43.953583
S:Çekirdek Baþarýyla Yüklendi!
S:Depolama Tespit Ediliyor...
S:275.04 GB Depolama tespit edildi!
S:Klavye Test Ediliyor...
0123456789abcçdefgðhýijklmnoöprsþtuüvwxyzABCÇDEFGÐHIÝJKLMNOÖPRSÞTUÜVWXYZ<>£#$½{}[]!'^+%&/()=?*-_
_________________________________________________________
S:tarih 2025-12-27 12:20:31.644204
S:Çekirdek Baþarýyla Yüklendi!
S:Depolama Tespit Ediliyor...
S:275.04 GB Depolama tespit edildi!
S:Klavye Test Ediliyor...
0123456789abcçdefgðhýijklmnoöprsþtuüvwxyzABCÇDEFGÐHIÝJKLMNOÖPRSÞTUÜVWXYZ<>£#$½{}[]!'^+%&/()=?*-_
_________________________________________________________
S:tarih 2025-12-27 12:22:04.361557
S:Çekirdek Baþarýyla Yüklendi!
S:Depolama Tespit Ediliyor...
S:275.04 GB Depolama tespit edildi!
S:Klavye Test Ediliyor...
0123456789abcçdefgðhýijklmnoöprsþtuüvwxyzABCÇDEFGÐHIÝJKLMNOÖPRSÞTUÜVWXYZ<>£#$½{}[]!'^+%&/()=?*-_
_________________________________________________________
S:tarih 2025-12-27 12:26:32.647638
S:Çekirdek Baþarýyla Yüklendi!
S:Depolama Tespit Ediliyor...
S:275.04 GB Depolama tespit edildi!
S:Klavye Test Ediliyor...
0123456789abcçdefgðhýijklmnoöprsþtuüvwxyzABCÇDEFGÐHIÝJKLMNOÖPRSÞTUÜVWXYZ<>£#$½{}[]!'^+%&/()=?*-_